<?xml version="1.0" encoding="UTF-8"?>
<testng-results ignored="0" total="2" passed="2" failed="0" skipped="0">
  <reporter-output>
  </reporter-output>
  <suite started-at="2024-03-09T21:38:38 IST" name="Default suite" finished-at="2024-03-09T21:39:09 IST" duration-ms="31322">
    <groups>
      <group name="cucumber">
        <method signature="AbstractTestNGCucumberTests.runScenario(io.cucumber.testng.PickleWrapper,io.cucumber.testng.FeatureWrapper)[pri:0, instance:runner.pack.TestRunner@4a83a74a]" name="runScenario" class="io.cucumber.testng.AbstractTestNGCucumberTests"/>
      </group> <!-- cucumber -->
    </groups>
    <test started-at="2024-03-09T21:38:38 IST" name="Default test" finished-at="2024-03-09T21:39:09 IST" duration-ms="31322">
      <class name="runner.pack.TestRunner">
        <test-method is-config="true" signature="setUpClass(org.testng.ITestContext)[pri:0, instance:runner.pack.TestRunner@4a83a74a]" started-at="2024-03-09T21:38:38 IST" name="setUpClass" finished-at="2024-03-09T21:38:39 IST" duration-ms="1257" status="PASS">
          <params>
            <param index="0">
              <value>
                <![CDATA[org.testng.TestRunner@c2584d3]]>
              </value>
            </param>
          </params>
          <reporter-output>
          </reporter-output>
        </test-method> <!-- setUpClass -->
        <test-method signature="runScenario(io.cucumber.testng.PickleWrapper,io.cucumber.testng.FeatureWrapper)[pri:0, instance:runner.pack.TestRunner@4a83a74a]" started-at="2024-03-09T21:38:39 IST" name="runScenario" description="Runs Cucumber Scenarios" data-provider="scenarios" finished-at="2024-03-09T21:38:54 IST" duration-ms="14237" status="PASS">
          <params>
            <param index="0">
              <value>
                <![CDATA["Verify Title"]]>
              </value>
            </param>
            <param index="1">
              <value>
                <![CDATA["HRMS"]]>
              </value>
            </param>
          </params>
          <reporter-output>
          </reporter-output>
        </test-method> <!-- runScenario -->
        <test-method signature="runScenario(io.cucumber.testng.PickleWrapper,io.cucumber.testng.FeatureWrapper)[pri:0, instance:runner.pack.TestRunner@4a83a74a]" started-at="2024-03-09T21:38:54 IST" name="runScenario" description="Runs Cucumber Scenarios" data-provider="scenarios" finished-at="2024-03-09T21:39:09 IST" duration-ms="15667" status="PASS">
          <params>
            <param index="0">
              <value>
                <![CDATA["LoginLogout"]]>
              </value>
            </param>
            <param index="1">
              <value>
                <![CDATA["HRMS"]]>
              </value>
            </param>
          </params>
          <reporter-output>
          </reporter-output>
        </test-method> <!-- runScenario -->
        <test-method is-config="true" signature="tearDownClass()[pri:0, instance:runner.pack.TestRunner@4a83a74a]" started-at="2024-03-09T21:39:09 IST" name="tearDownClass" finished-at="2024-03-09T21:39:09 IST" duration-ms="84" status="PASS">
          <reporter-output>
          </reporter-output>
        </test-method> <!-- tearDownClass -->
      </class> <!-- runner.pack.TestRunner -->
    </test> <!-- Default test -->
  </suite> <!-- Default suite -->
</testng-results>
